0 info it worked if it ends with ok
1 verbose cli [ '/home/subash/.nvm/versions/node/v4.4.4/bin/node',
1 verbose cli   '/home/subash/.nvm/versions/node/v4.4.4/bin/npm',
1 verbose cli   'run',
1 verbose cli   'start' ]
2 info using npm@2.15.1
3 info using node@v4.4.4
4 verbose run-script [ 'prestart', 'start', 'poststart' ]
5 info prestart quiz-fe@1.0.0
6 info start quiz-fe@1.0.0
7 verbose unsafe-perm in lifecycle true
8 info quiz-fe@1.0.0 Failed to exec start script
9 verbose stack Error: quiz-fe@1.0.0 start: `web.js`
9 verbose stack spawn ENOENT
9 verbose stack     at ChildProcess.<anonymous> (/home/subash/.nvm/versions/node/v4.4.4/lib/node_modules/npm/lib/utils/spawn.js:17:16)
9 verbose stack     at emitTwo (events.js:87:13)
9 verbose stack     at ChildProcess.emit (events.js:172:7)
9 verbose stack     at maybeClose (internal/child_process.js:827:16)
9 verbose stack     at Process.ChildProcess._handle.onexit (internal/child_process.js:211:5)
10 verbose pkgid quiz-fe@1.0.0
11 verbose cwd /usr/projects/quiz-fe
12 error Linux 3.13.0-98-generic
13 error argv "/home/subash/.nvm/versions/node/v4.4.4/bin/node" "/home/subash/.nvm/versions/node/v4.4.4/bin/npm" "run" "start"
14 error node v4.4.4
15 error npm  v2.15.1
16 error file sh
17 error code ELIFECYCLE
18 error errno ENOENT
19 error syscall spawn
20 error quiz-fe@1.0.0 start: `web.js`
20 error spawn ENOENT
21 error Failed at the quiz-fe@1.0.0 start script 'web.js'.
21 error This is most likely a problem with the quiz-fe package,
21 error not with npm itself.
21 error Tell the author that this fails on your system:
21 error     web.js
21 error You can get information on how to open an issue for this project with:
21 error     npm bugs quiz-fe
21 error Or if that isn't available, you can get their info via:
21 error
21 error     npm owner ls quiz-fe
21 error There is likely additional logging output above.
22 verbose exit [ 1, true ]
